2024-04-17 14:47:04,756 | INFO | ForkPoolWorker-16 | celery_tasks.tasks.execute_tasks | 8a5b648a-878e-42fa-922c-f8d53ff4dad8 | Initialize task T00
2024-04-17 14:47:04,765 | INFO | ForkPoolWorker-16 | celery_tasks.tasks.execute_tasks | 8a5b648a-878e-42fa-922c-f8d53ff4dad8 | Try to run task=T00.
2024-04-17 14:47:04,777 | INFO | ForkPoolWorker-16 | celery_tasks.tasks.execute_tasks | 8a5b648a-878e-42fa-922c-f8d53ff4dad8 | 
The task T00 ends. execution=218


2024-04-17 14:47:04,783 | INFO | ForkPoolWorker-16 | celery_tasks.tasks.execute_tasks | 8a5b648a-878e-42fa-922c-f8d53ff4dad8 | Initialize task T01
2024-04-17 14:47:04,790 | INFO | ForkPoolWorker-16 | celery_tasks.tasks.execute_tasks | 8a5b648a-878e-42fa-922c-f8d53ff4dad8 | Try to run task=T01.
2024-04-17 14:47:04,800 | INFO | ForkPoolWorker-16 | celery_tasks.tasks.execute_tasks | 8a5b648a-878e-42fa-922c-f8d53ff4dad8 | 
The task T01 ends. execution=219


2024-04-17 14:47:04,806 | INFO | ForkPoolWorker-16 | celery_tasks.tasks.execute_tasks | 8a5b648a-878e-42fa-922c-f8d53ff4dad8 | Initialize task T02
2024-04-17 14:47:04,814 | INFO | ForkPoolWorker-16 | celery_tasks.tasks.execute_tasks | 8a5b648a-878e-42fa-922c-f8d53ff4dad8 | Try to run task=T02.
2024-04-17 14:47:04,836 | INFO | ForkPoolWorker-16 | celery_tasks.tasks.execute_tasks | 8a5b648a-878e-42fa-922c-f8d53ff4dad8 | 
The task T02 ends. execution=220


2024-04-17 14:47:04,842 | INFO | ForkPoolWorker-16 | celery_tasks.tasks.execute_tasks | 8a5b648a-878e-42fa-922c-f8d53ff4dad8 | Initialize task T07
2024-04-17 14:47:04,850 | INFO | ForkPoolWorker-16 | celery_tasks.tasks.execute_tasks | 8a5b648a-878e-42fa-922c-f8d53ff4dad8 | Try to run task=T07.
[1;31m2024-04-17 14:47:04,870 | ERROR | ForkPoolWorker-16 | celery_tasks.tasks.execute_tasks | 8a5b648a-878e-42fa-922c-f8d53ff4dad8 | Option d is ambiguous (delete, dir, dup_length)
Can't exec "java": No such file or directory at /code/externals/fastqc/0.12.1/fastqc line 350.
[0m
[1;31m2024-04-17 14:47:04,882 | ERROR | ForkPoolWorker-16 | celery_tasks.tasks.execute_tasks | 8a5b648a-878e-42fa-922c-f8d53ff4dad8 | Option d is ambiguous (delete, dir, dup_length)
Can't exec "java": No such file or directory at /code/externals/fastqc/0.12.1/fastqc line 350.
[0m
[1;31m2024-04-17 14:47:04,893 | ERROR | ForkPoolWorker-16 | celery_tasks.tasks.execute_tasks | 8a5b648a-878e-42fa-922c-f8d53ff4dad8 | Option d is ambiguous (delete, dir, dup_length)
Can't exec "java": No such file or directory at /code/externals/fastqc/0.12.1/fastqc line 350.
[0m
2024-04-17 14:47:04,893 | INFO | ForkPoolWorker-16 | celery_tasks.tasks.execute_tasks | 8a5b648a-878e-42fa-922c-f8d53ff4dad8 | 
The task T07 ends. execution=221


2024-04-17 14:47:04,900 | INFO | ForkPoolWorker-16 | celery_tasks.tasks.execute_tasks | 8a5b648a-878e-42fa-922c-f8d53ff4dad8 | Initialize task T03
2024-04-17 14:47:04,909 | INFO | ForkPoolWorker-16 | celery_tasks.tasks.execute_tasks | 8a5b648a-878e-42fa-922c-f8d53ff4dad8 | Try to run task=T03.
2024-04-17 14:47:04,918 | INFO | ForkPoolWorker-16 | celery_tasks.tasks.execute_tasks | 8a5b648a-878e-42fa-922c-f8d53ff4dad8 | Get index path form parent_params={'project': <Project: P00001>, 'task': <Task: Task object (28)>, 'parents': [<Task: Task object (27)>], 'seqdata': <rnaseqdata.seq_data.SeqData object at 0x7a20e2e73f10>, 'seqdata_path': '/code/results/P00001/T00_import_data/seqdata.obj', 'parent_outputs': [{'sample_name': 'AB_1', 'R1': ['/code/raw_data/demo_mirnaseq/AB_1_CCGTCC_L004_R1.fastq']}, {'sample_name': 'AI_1', 'R1': ['/code/raw_data/demo_mirnaseq/AI_1_AGTCAA_L004_R1.fastq']}, {'sample_name': 'AN_1', 'R1': ['/code/raw_data/demo_mirnaseq/AN_1_GCCAAT_L004_R1.fastq']}], 'children': [<Task: Task object (30)>], 'method': <Method: Method object (trim_sequences)>, 'tool': None, 'parent_params': {'project': <Project: P00001>, 'task': <Task: Task object (27)>, 'parents': [], 'seqdata': <rnaseqdata.seq_data.SeqData object at 0x7a20e813fe90>, 'seqdata_path': '/code/results/P00001/T00_import_data/seqdata.obj', 'parent_outputs': [], 'children': [<Task: Task object (28)>, <Task: Task object (29)>, <Task: Task object (34)>], 'method': <Method: Method object (import_data)>, 'tool': None, 'parent_params': None, 'cmd': None, 'force_run': True, 'output': [{'sample_name': 'AB_1', 'R1': ['/code/raw_data/demo_mirnaseq/AB_1_CCGTCC_L004_R1.fastq']}, {'sample_name': 'AI_1', 'R1': ['/code/raw_data/demo_mirnaseq/AI_1_AGTCAA_L004_R1.fastq']}, {'sample_name': 'AN_1', 'R1': ['/code/raw_data/demo_mirnaseq/AN_1_GCCAAT_L004_R1.fastq']}], 'output_dir': '/code/results/P00001/T00_import_data', 'task_execution': <TaskExecution: TaskExecution object (218)>, 'sample_files': [<SampleFile: SampleFile object (10)>, <SampleFile: SampleFile object (11)>, <SampleFile: SampleFile object (12)>]}, 'cmd': None, 'force_run': True, 'output': [{'sample_name': 'AB_1', 'R1': ['/code/results/P00001/T01_trim_sequences/AB_1_CCGTCC_L004_R1.fastq']}, {'sample_name': 'AI_1', 'R1': ['/code/results/P00001/T01_trim_sequences/AI_1_AGTCAA_L004_R1.fastq']}, {'sample_name': 'AN_1', 'R1': ['/code/results/P00001/T01_trim_sequences/AN_1_GCCAAT_L004_R1.fastq']}], 'output_dir': '/code/results/P00001/T01_trim_sequences', 'task_execution': <TaskExecution: TaskExecution object (219)>}.
2024-04-17 14:47:04,918 | INFO | ForkPoolWorker-16 | celery_tasks.tasks.execute_tasks | 8a5b648a-878e-42fa-922c-f8d53ff4dad8 | Get index path from parent_outputs={'sample_name': 'AB_1', 'R1': ['/code/results/P00001/T01_trim_sequences/AB_1_CCGTCC_L004_R1.fastq'], 'fa_path': '/code/references/miRBase/miRNA_mature/Homo_sapiens.fa', 'index_path': '/code/references/index/10/Homo_sapiens', 'model_name': 'RNA', 'model_id': None, 'model_query': {'specie': 'Homo_sapiens', 'data_source': 'miRBase', 'annot_type': 'miRNA_mature'}, 'tool_query': {'exe_name': 'bowtie2-build', 'version': '2.5.2'}}
[1;31m2024-04-17 14:47:05,045 | ERROR | ForkPoolWorker-16 | celery_tasks.tasks.execute_tasks | 8a5b648a-878e-42fa-922c-f8d53ff4dad8 | 21873 reads; of these:
  21873 (100.00%) were unpaired; of these:
    7556 (34.54%) aligned 0 times
    443 (2.03%) aligned exactly 1 time
    13874 (63.43%) aligned >1 times
65.46% overall alignment rate
[0m
2024-04-17 14:47:05,046 | INFO | ForkPoolWorker-16 | celery_tasks.tasks.execute_tasks | 8a5b648a-878e-42fa-922c-f8d53ff4dad8 | Get index path form parent_params={'project': <Project: P00001>, 'task': <Task: Task object (28)>, 'parents': [<Task: Task object (27)>], 'seqdata': <rnaseqdata.seq_data.SeqData object at 0x7a20e2e73f10>, 'seqdata_path': '/code/results/P00001/T00_import_data/seqdata.obj', 'parent_outputs': [{'sample_name': 'AB_1', 'R1': ['/code/raw_data/demo_mirnaseq/AB_1_CCGTCC_L004_R1.fastq']}, {'sample_name': 'AI_1', 'R1': ['/code/raw_data/demo_mirnaseq/AI_1_AGTCAA_L004_R1.fastq']}, {'sample_name': 'AN_1', 'R1': ['/code/raw_data/demo_mirnaseq/AN_1_GCCAAT_L004_R1.fastq']}], 'children': [<Task: Task object (30)>], 'method': <Method: Method object (trim_sequences)>, 'tool': None, 'parent_params': {'project': <Project: P00001>, 'task': <Task: Task object (27)>, 'parents': [], 'seqdata': <rnaseqdata.seq_data.SeqData object at 0x7a20e813fe90>, 'seqdata_path': '/code/results/P00001/T00_import_data/seqdata.obj', 'parent_outputs': [], 'children': [<Task: Task object (28)>, <Task: Task object (29)>, <Task: Task object (34)>], 'method': <Method: Method object (import_data)>, 'tool': None, 'parent_params': None, 'cmd': None, 'force_run': True, 'output': [{'sample_name': 'AB_1', 'R1': ['/code/raw_data/demo_mirnaseq/AB_1_CCGTCC_L004_R1.fastq']}, {'sample_name': 'AI_1', 'R1': ['/code/raw_data/demo_mirnaseq/AI_1_AGTCAA_L004_R1.fastq']}, {'sample_name': 'AN_1', 'R1': ['/code/raw_data/demo_mirnaseq/AN_1_GCCAAT_L004_R1.fastq']}], 'output_dir': '/code/results/P00001/T00_import_data', 'task_execution': <TaskExecution: TaskExecution object (218)>, 'sample_files': [<SampleFile: SampleFile object (10)>, <SampleFile: SampleFile object (11)>, <SampleFile: SampleFile object (12)>]}, 'cmd': None, 'force_run': True, 'output': [{'sample_name': 'AB_1', 'R1': ['/code/results/P00001/T01_trim_sequences/AB_1_CCGTCC_L004_R1.fastq']}, {'sample_name': 'AI_1', 'R1': ['/code/results/P00001/T01_trim_sequences/AI_1_AGTCAA_L004_R1.fastq']}, {'sample_name': 'AN_1', 'R1': ['/code/results/P00001/T01_trim_sequences/AN_1_GCCAAT_L004_R1.fastq']}], 'output_dir': '/code/results/P00001/T01_trim_sequences', 'task_execution': <TaskExecution: TaskExecution object (219)>}.
2024-04-17 14:47:05,046 | INFO | ForkPoolWorker-16 | celery_tasks.tasks.execute_tasks | 8a5b648a-878e-42fa-922c-f8d53ff4dad8 | Get index path from parent_outputs={'sample_name': 'AB_1', 'R1': ['/code/results/P00001/T01_trim_sequences/AB_1_CCGTCC_L004_R1.fastq'], 'fa_path': '/code/references/miRBase/miRNA_mature/Homo_sapiens.fa', 'index_path': '/code/references/index/10/Homo_sapiens', 'model_name': 'RNA', 'model_id': None, 'model_query': {'specie': 'Homo_sapiens', 'data_source': 'miRBase', 'annot_type': 'miRNA_mature'}, 'tool_query': {'exe_name': 'bowtie2-build', 'version': '2.5.2'}, 'output_prefix': '/code/results/P00001/T03_align_short_reads/AB_1', 'cmd': '/code/externals/bowtie/2.5.2/bowtie2 -x /code/references/index/10/Homo_sapiens -U /code/results/P00001/T01_trim_sequences/AB_1_CCGTCC_L004_R1.fastq -S /code/results/P00001/T03_align_short_reads/AB_1.sam', 'sam_file': '/code/results/P00001/T03_align_short_reads/AB_1.sam'}
[1;31m2024-04-17 14:47:05,164 | ERROR | ForkPoolWorker-16 | celery_tasks.tasks.execute_tasks | 8a5b648a-878e-42fa-922c-f8d53ff4dad8 | 21179 reads; of these:
  21179 (100.00%) were unpaired; of these:
    9902 (46.75%) aligned 0 times
    362 (1.71%) aligned exactly 1 time
    10915 (51.54%) aligned >1 times
53.25% overall alignment rate
[0m
2024-04-17 14:47:05,164 | INFO | ForkPoolWorker-16 | celery_tasks.tasks.execute_tasks | 8a5b648a-878e-42fa-922c-f8d53ff4dad8 | Get index path form parent_params={'project': <Project: P00001>, 'task': <Task: Task object (28)>, 'parents': [<Task: Task object (27)>], 'seqdata': <rnaseqdata.seq_data.SeqData object at 0x7a20e2e73f10>, 'seqdata_path': '/code/results/P00001/T00_import_data/seqdata.obj', 'parent_outputs': [{'sample_name': 'AB_1', 'R1': ['/code/raw_data/demo_mirnaseq/AB_1_CCGTCC_L004_R1.fastq']}, {'sample_name': 'AI_1', 'R1': ['/code/raw_data/demo_mirnaseq/AI_1_AGTCAA_L004_R1.fastq']}, {'sample_name': 'AN_1', 'R1': ['/code/raw_data/demo_mirnaseq/AN_1_GCCAAT_L004_R1.fastq']}], 'children': [<Task: Task object (30)>], 'method': <Method: Method object (trim_sequences)>, 'tool': None, 'parent_params': {'project': <Project: P00001>, 'task': <Task: Task object (27)>, 'parents': [], 'seqdata': <rnaseqdata.seq_data.SeqData object at 0x7a20e813fe90>, 'seqdata_path': '/code/results/P00001/T00_import_data/seqdata.obj', 'parent_outputs': [], 'children': [<Task: Task object (28)>, <Task: Task object (29)>, <Task: Task object (34)>], 'method': <Method: Method object (import_data)>, 'tool': None, 'parent_params': None, 'cmd': None, 'force_run': True, 'output': [{'sample_name': 'AB_1', 'R1': ['/code/raw_data/demo_mirnaseq/AB_1_CCGTCC_L004_R1.fastq']}, {'sample_name': 'AI_1', 'R1': ['/code/raw_data/demo_mirnaseq/AI_1_AGTCAA_L004_R1.fastq']}, {'sample_name': 'AN_1', 'R1': ['/code/raw_data/demo_mirnaseq/AN_1_GCCAAT_L004_R1.fastq']}], 'output_dir': '/code/results/P00001/T00_import_data', 'task_execution': <TaskExecution: TaskExecution object (218)>, 'sample_files': [<SampleFile: SampleFile object (10)>, <SampleFile: SampleFile object (11)>, <SampleFile: SampleFile object (12)>]}, 'cmd': None, 'force_run': True, 'output': [{'sample_name': 'AB_1', 'R1': ['/code/results/P00001/T01_trim_sequences/AB_1_CCGTCC_L004_R1.fastq']}, {'sample_name': 'AI_1', 'R1': ['/code/results/P00001/T01_trim_sequences/AI_1_AGTCAA_L004_R1.fastq']}, {'sample_name': 'AN_1', 'R1': ['/code/results/P00001/T01_trim_sequences/AN_1_GCCAAT_L004_R1.fastq']}], 'output_dir': '/code/results/P00001/T01_trim_sequences', 'task_execution': <TaskExecution: TaskExecution object (219)>}.
2024-04-17 14:47:05,164 | INFO | ForkPoolWorker-16 | celery_tasks.tasks.execute_tasks | 8a5b648a-878e-42fa-922c-f8d53ff4dad8 | Get index path from parent_outputs={'sample_name': 'AB_1', 'R1': ['/code/results/P00001/T01_trim_sequences/AB_1_CCGTCC_L004_R1.fastq'], 'fa_path': '/code/references/miRBase/miRNA_mature/Homo_sapiens.fa', 'index_path': '/code/references/index/10/Homo_sapiens', 'model_name': 'RNA', 'model_id': None, 'model_query': {'specie': 'Homo_sapiens', 'data_source': 'miRBase', 'annot_type': 'miRNA_mature'}, 'tool_query': {'exe_name': 'bowtie2-build', 'version': '2.5.2'}, 'output_prefix': '/code/results/P00001/T03_align_short_reads/AB_1', 'cmd': '/code/externals/bowtie/2.5.2/bowtie2 -x /code/references/index/10/Homo_sapiens -U /code/results/P00001/T01_trim_sequences/AB_1_CCGTCC_L004_R1.fastq -S /code/results/P00001/T03_align_short_reads/AB_1.sam', 'sam_file': '/code/results/P00001/T03_align_short_reads/AB_1.sam'}
[1;31m2024-04-17 14:47:05,373 | ERROR | ForkPoolWorker-16 | celery_tasks.tasks.execute_tasks | 8a5b648a-878e-42fa-922c-f8d53ff4dad8 | 24993 reads; of these:
  24993 (100.00%) were unpaired; of these:
    24986 (99.97%) aligned 0 times
    0 (0.00%) aligned exactly 1 time
    7 (0.03%) aligned >1 times
0.03% overall alignment rate
[0m
2024-04-17 14:47:05,373 | INFO | ForkPoolWorker-16 | celery_tasks.tasks.execute_tasks | 8a5b648a-878e-42fa-922c-f8d53ff4dad8 | 
The task T03 ends. execution=222


2024-04-17 14:47:05,384 | INFO | ForkPoolWorker-16 | celery_tasks.tasks.execute_tasks | 8a5b648a-878e-42fa-922c-f8d53ff4dad8 | Initialize task T04
2024-04-17 14:47:05,392 | INFO | ForkPoolWorker-16 | celery_tasks.tasks.execute_tasks | 8a5b648a-878e-42fa-922c-f8d53ff4dad8 | Try to run task=T04.
2024-04-17 14:47:05,402 | INFO | ForkPoolWorker-16 | celery_tasks.tasks.execute_tasks | 8a5b648a-878e-42fa-922c-f8d53ff4dad8 | 
The task T04 ends. execution=223


2024-04-17 14:47:05,408 | INFO | ForkPoolWorker-16 | celery_tasks.tasks.execute_tasks | 8a5b648a-878e-42fa-922c-f8d53ff4dad8 | Initialize task T05
2024-04-17 14:47:05,467 | INFO | ForkPoolWorker-16 | celery_tasks.tasks.execute_tasks | 8a5b648a-878e-42fa-922c-f8d53ff4dad8 | Try to run task=T05.
2024-04-17 14:47:05,713 | INFO | ForkPoolWorker-16 | celery_tasks.tasks.execute_tasks | 8a5b648a-878e-42fa-922c-f8d53ff4dad8 | 
The task T05 ends. execution=224


2024-04-17 14:47:05,724 | INFO | ForkPoolWorker-16 | celery_tasks.tasks.execute_tasks | 8a5b648a-878e-42fa-922c-f8d53ff4dad8 | Initialize task T06
2024-04-17 14:47:05,731 | INFO | ForkPoolWorker-16 | celery_tasks.tasks.execute_tasks | 8a5b648a-878e-42fa-922c-f8d53ff4dad8 | Try to run task=T06.
2024-04-17 14:47:05,771 | INFO | ForkPoolWorker-16 | celery_tasks.tasks.execute_tasks | 8a5b648a-878e-42fa-922c-f8d53ff4dad8 | 
The task T06 ends. execution=225


2024-04-17 14:47:05,783 | INFO | ForkPoolWorker-16 | celery_tasks.tasks.execute_tasks | 8a5b648a-878e-42fa-922c-f8d53ff4dad8 | Project execution is done.


2024-04-17 14:47:05,783 | INFO | ForkPoolWorker-16 | celery_tasks.tasks.execute_tasks | 8a5b648a-878e-42fa-922c-f8d53ff4dad8 | Try to launch execute_task. project=P00001
